2017.08.11 18:45:15 org.jivesoftware.openfire.handler.IQHandler - Internal server error
java.lang.NullPointerException
	at com.nfs.mucextend.MUCExtendRoomIQHandler.handleIQ(MUCExtendRoomIQHandler.java:35)
	at org.jivesoftware.openfire.handler.IQHandler.process(IQHandler.java:66)
	at org.jivesoftware.openfire.IQRouter.handle(IQRouter.java:372)
	at org.jivesoftware.openfire.IQRouter.route(IQRouter.java:115)
	at org.jivesoftware.openfire.spi.PacketRouterImpl.route(PacketRouterImpl.java:78)
	at org.jivesoftware.openfire.net.StanzaHandler.processIQ(StanzaHandler.java:341)
	at org.jivesoftware.openfire.net.ClientStanzaHandler.processIQ(ClientStanzaHandler.java:99)
	at org.jivesoftware.openfire.net.StanzaHandler.process(StanzaHandler.java:306)
	at org.jivesoftware.openfire.net.StanzaHandler.process(StanzaHandler.java:198)
	at org.jivesoftware.openfire.nio.ConnectionHandler.messageReceived(ConnectionHandler.java:181)
	at org.apache.mina.core.filterchain.DefaultIoFilterChain$TailFilter.messageReceived(DefaultIoFilterChain.java:690)
	at org.apache.mina.core.filterchain.DefaultIoFilterChain.callNextMessageReceived(DefaultIoFilterChain.java:417)
	at org.apache.mina.core.filterchain.DefaultIoFilterChain.access$1200(DefaultIoFilterChain.java:47)
	at org.apache.mina.core.filterchain.DefaultIoFilterChain$EntryImpl$1.messageReceived(DefaultIoFilterChain.java:765)
	at org.apache.mina.core.filterchain.IoFilterAdapter.messageReceived(IoFilterAdapter.java:109)
	at org.apache.mina.core.filterchain.DefaultIoFilterChain.callNextMessageReceived(DefaultIoFilterChain.java:417)
	at org.apache.mina.core.filterchain.DefaultIoFilterChain.access$1200(DefaultIoFilterChain.java:47)
	at org.apache.mina.core.filterchain.DefaultIoFilterChain$EntryImpl$1.messageReceived(DefaultIoFilterChain.java:765)
	at org.apache.mina.filter.codec.ProtocolCodecFilter$ProtocolDecoderOutputImpl.flush(ProtocolCodecFilter.java:407)
	at org.apache.mina.filter.codec.ProtocolCodecFilter.messageReceived(ProtocolCodecFilter.java:236)
	at org.apache.mina.core.filterchain.DefaultIoFilterChain.callNextMessageReceived(DefaultIoFilterChain.java:417)
	at org.apache.mina.core.filterchain.DefaultIoFilterChain.access$1200(DefaultIoFilterChain.java:47)
	at org.apache.mina.core.filterchain.DefaultIoFilterChain$EntryImpl$1.messageReceived(DefaultIoFilterChain.java:765)
	at org.apache.mina.core.filterchain.IoFilterEvent.fire(IoFilterEvent.java:74)
	at org.apache.mina.core.session.IoEvent.run(IoEvent.java:63)
	at org.apache.mina.filter.executor.OrderedThreadPoolExecutor$Worker.runTask(OrderedThreadPoolExecutor.java:769)
	at org.apache.mina.filter.executor.OrderedThreadPoolExecutor$Worker.runTasks(OrderedThreadPoolExecutor.java:761)
	at org.apache.mina.filter.executor.OrderedThreadPoolExecutor$Worker.run(OrderedThreadPoolExecutor.java:703)
	at java.lang.Thread.run(Unknown Source)
